<?xml version="1.0" encoding="UTF-8"?>
<coverage generated="1774464232078" clover="3.2.0">
  <project timestamp="1774464232078" name="All files">
    <metrics statements="15" coveredstatements="10" conditionals="8" coveredconditionals="2" methods="3" coveredmethods="2" elements="26" coveredelements="14" complexity="0" loc="15" ncloc="15" packages="1" files="1" classes="1"/>
    <file name="index.js" path="C:\Users\moose\git\devsecops-tier1\server\index.js">
      <metrics statements="15" coveredstatements="10" conditionals="8" coveredconditionals="2" methods="3" coveredmethods="2"/>
      <line num="1" count="1" type="stmt"/>
      <line num="2" count="1" type="stmt"/>
      <line num="3" count="1" type="stmt"/>
      <line num="5" count="1" type="stmt"/>
      <line num="9" count="1" type="stmt"/>
      <line num="12" count="1" type="cond" truecount="1" falsecount="1"/>
      <line num="14" count="0" type="cond" truecount="0" falsecount="2"/>
      <line num="15" count="0" type="stmt"/>
      <line num="17" count="0" type="stmt"/>
      <line num="25" count="1" type="stmt"/>
      <line num="26" count="1" type="stmt"/>
      <line num="30" count="1" type="stmt"/>
      <line num="33" count="1" type="cond" truecount="1" falsecount="1"/>
      <line num="34" count="0" type="cond" truecount="0" falsecount="2"/>
      <line num="35" count="0" type="stmt"/>
    </file>
  </project>
</coverage>
