{"C:\\Users\\moose\\git\\devsecops-tier1\\server\\index.js": {"path":"C:\\Users\\moose\\git\\devsecops-tier1\\server\\index.js","statementMap":{"0":{"start":{"line":1,"column":16},"end":{"line":1,"column":34}},"1":{"start":{"line":2,"column":12},"end":{"line":2,"column":21}},"2":{"start":{"line":3,"column":13},"end":{"line":3,"column":28}},"3":{"start":{"line":5,"column":23},"end":{"line":7,"column":1}},"4":{"start":{"line":9,"column":0},"end":{"line":22,"column":4}},"5":{"start":{"line":12,"column":4},"end":{"line":12,"column":45}},"6":{"start":{"line":12,"column":17},"end":{"line":12,"column":45}},"7":{"start":{"line":14,"column":4},"end":{"line":18,"column":5}},"8":{"start":{"line":15,"column":6},"end":{"line":15,"column":34}},"9":{"start":{"line":17,"column":6},"end":{"line":17,"column":56}},"10":{"start":{"line":25,"column":0},"end":{"line":27,"column":3}},"11":{"start":{"line":26,"column":2},"end":{"line":26,"column":55}},"12":{"start":{"line":30,"column":0},"end":{"line":30,"column":21}},"13":{"start":{"line":33,"column":0},"end":{"line":36,"column":1}},"14":{"start":{"line":34,"column":14},"end":{"line":34,"column":38}},"15":{"start":{"line":35,"column":1},"end":{"line":35,"column":68}},"16":{"start":{"line":35,"column":24},"end":{"line":35,"column":66}}},"fnMap":{"0":{"name":"(anonymous_0)","decl":{"start":{"line":10,"column":10},"end":{"line":10,"column":11}},"loc":{"start":{"line":10,"column":38},"end":{"line":19,"column":3}},"line":10},"1":{"name":"(anonymous_1)","decl":{"start":{"line":25,"column":22},"end":{"line":25,"column":23}},"loc":{"start":{"line":25,"column":36},"end":{"line":27,"column":1}},"line":25},"2":{"name":"(anonymous_2)","decl":{"start":{"line":35,"column":18},"end":{"line":35,"column":19}},"loc":{"start":{"line":35,"column":24},"end":{"line":35,"column":66}},"line":35}},"branchMap":{"0":{"loc":{"start":{"line":12,"column":4},"end":{"line":12,"column":45}},"type":"if","locations":[{"start":{"line":12,"column":4},"end":{"line":12,"column":45}},{"start":{},"end":{}}],"line":12},"1":{"loc":{"start":{"line":14,"column":4},"end":{"line":18,"column":5}},"type":"if","locations":[{"start":{"line":14,"column":4},"end":{"line":18,"column":5}},{"start":{"line":16,"column":11},"end":{"line":18,"column":5}}],"line":14},"2":{"loc":{"start":{"line":33,"column":0},"end":{"line":36,"column":1}},"type":"if","locations":[{"start":{"line":33,"column":0},"end":{"line":36,"column":1}},{"start":{},"end":{}}],"line":33},"3":{"loc":{"start":{"line":34,"column":14},"end":{"line":34,"column":38}},"type":"binary-expr","locations":[{"start":{"line":34,"column":14},"end":{"line":34,"column":30}},{"start":{"line":34,"column":34},"end":{"line":34,"column":38}}],"line":34}},"s":{"0":1,"1":1,"2":1,"3":1,"4":1,"5":1,"6":1,"7":0,"8":0,"9":0,"10":1,"11":1,"12":1,"13":1,"14":0,"15":0,"16":0},"f":{"0":1,"1":1,"2":0},"b":{"0":[1,0],"1":[0,0],"2":[0,1],"3":[0,0]},"_coverageSchema":"1a1c01bbd47fc00a2c39e90264f33305004495a9","hash":"7921a3f6674f22124649b2386c175cf21c8e9b69"}
}
